2015.07.15 11:40:05 org.eclipse.jetty.servlet.ServletHandler - /setup/setup-admin-settings.jsp
java.lang.NullPointerException
	at org.jivesoftware.openfire.admin.setup.setup_002dadmin_002dsettings_jsp._jspService(setup_002dadmin_002dsettings_jsp.java:99)
	at org.apache.jasper.runtime.HttpJspBase.service(HttpJspBase.java:97)
	at javax.servlet.http.HttpServlet.service(HttpServlet.java:790)
	at org.eclipse.jetty.servlet.ServletHolder.handle(ServletHolder.java:808)
	at org.eclipse.jetty.servlet.ServletHandler$CachedChain.doFilter(ServletHandler.java:1669)
	at com.opensymphony.module.sitemesh.filter.PageFilter.parsePage(PageFilter.java:118)
	at com.opensymphony.module.sitemesh.filter.PageFilter.doFilter(PageFilter.java:52)
	at org.eclipse.jetty.servlet.ServletHandler$CachedChain.doFilter(ServletHandler.java:1652)
	at org.jivesoftware.util.LocaleFilter.doFilter(LocaleFilter.java:74)
	at org.eclipse.jetty.servlet.ServletHandler$CachedChain.doFilter(ServletHandler.java:1652)
	at org.jivesoftware.util.SetCharacterEncodingFilter.doFilter(SetCharacterEncodingFilter.java:50)
	at org.eclipse.jetty.servlet.ServletHandler$CachedChain.doFilter(ServletHandler.java:1652)
	at org.jivesoftware.admin.PluginFilter.doFilter(PluginFilter.java:78)
	at org.eclipse.jetty.servlet.ServletHandler$CachedChain.doFilter(ServletHandler.java:1652)
	at org.jivesoftware.admin.AuthCheckFilter.doFilter(AuthCheckFilter.java:159)
	at org.eclipse.jetty.servlet.ServletHandler$CachedChain.doFilter(ServletHandler.java:1652)
	at org.eclipse.jetty.servlet.ServletHandler.doHandle(ServletHandler.java:585)
	at org.eclipse.jetty.server.handler.ScopedHandler.handle(ScopedHandler.java:143)
	at org.eclipse.jetty.security.SecurityHandler.handle(SecurityHandler.java:577)
	at org.eclipse.jetty.server.session.SessionHandler.doHandle(SessionHandler.java:223)
	at org.eclipse.jetty.server.handler.ContextHandler.doHandle(ContextHandler.java:1127)
	at org.eclipse.jetty.servlet.ServletHandler.doScope(ServletHandler.java:515)
	at org.eclipse.jetty.server.session.SessionHandler.doScope(SessionHandler.java:185)
	at org.eclipse.jetty.server.handler.ContextHandler.doScope(ContextHandler.java:1061)
	at org.eclipse.jetty.server.handler.ScopedHandler.handle(ScopedHandler.java:141)
	at org.eclipse.jetty.server.handler.ContextHandlerCollection.handle(ContextHandlerCollection.java:215)
	at org.eclipse.jetty.server.handler.HandlerCollection.handle(HandlerCollection.java:110)
	at org.eclipse.jetty.server.handler.HandlerWrapper.handle(HandlerWrapper.java:97)
	at org.eclipse.jetty.server.Server.handle(Server.java:497)
	at org.eclipse.jetty.server.HttpChannel.handle(HttpChannel.java:310)
	at org.eclipse.jetty.server.HttpConnection.onFillable(HttpConnection.java:257)
	at org.eclipse.jetty.io.AbstractConnection$2.run(AbstractConnection.java:540)
	at org.eclipse.jetty.util.thread.QueuedThreadPool.runJob(QueuedThreadPool.java:635)
	at org.eclipse.jetty.util.thread.QueuedThreadPool$3.run(QueuedThreadPool.java:555)
	at java.lang.Thread.run(Unknown Source)
2015.07.15 11:40:42 org.eclipse.jetty.servlet.ServletHandler - /setup/setup-finished.jsp
java.lang.NullPointerException
	at org.jivesoftware.openfire.admin.setup.setup_002dfinished_jsp._jspService(setup_002dfinished_jsp.java:82)
	at org.apache.jasper.runtime.HttpJspBase.service(HttpJspBase.java:97)
	at javax.servlet.http.HttpServlet.service(HttpServlet.java:790)
	at org.eclipse.jetty.servlet.ServletHolder.handle(ServletHolder.java:808)
	at org.eclipse.jetty.servlet.ServletHandler$CachedChain.doFilter(ServletHandler.java:1669)
	at com.opensymphony.module.sitemesh.filter.PageFilter.parsePage(PageFilter.java:118)
	at com.opensymphony.module.sitemesh.filter.PageFilter.doFilter(PageFilter.java:52)
	at org.eclipse.jetty.servlet.ServletHandler$CachedChain.doFilter(ServletHandler.java:1652)
	at org.jivesoftware.util.LocaleFilter.doFilter(LocaleFilter.java:74)
	at org.eclipse.jetty.servlet.ServletHandler$CachedChain.doFilter(ServletHandler.java:1652)
	at org.jivesoftware.util.SetCharacterEncodingFilter.doFilter(SetCharacterEncodingFilter.java:50)
	at org.eclipse.jetty.servlet.ServletHandler$CachedChain.doFilter(ServletHandler.java:1652)
	at org.jivesoftware.admin.PluginFilter.doFilter(PluginFilter.java:78)
	at org.eclipse.jetty.servlet.ServletHandler$CachedChain.doFilter(ServletHandler.java:1652)
	at org.jivesoftware.admin.AuthCheckFilter.doFilter(AuthCheckFilter.java:159)
	at org.eclipse.jetty.servlet.ServletHandler$CachedChain.doFilter(ServletHandler.java:1652)
	at org.eclipse.jetty.servlet.ServletHandler.doHandle(ServletHandler.java:585)
	at org.eclipse.jetty.server.handler.ScopedHandler.handle(ScopedHandler.java:143)
	at org.eclipse.jetty.security.SecurityHandler.handle(SecurityHandler.java:577)
	at org.eclipse.jetty.server.session.SessionHandler.doHandle(SessionHandler.java:223)
	at org.eclipse.jetty.server.handler.ContextHandler.doHandle(ContextHandler.java:1127)
	at org.eclipse.jetty.servlet.ServletHandler.doScope(ServletHandler.java:515)
	at org.eclipse.jetty.server.session.SessionHandler.doScope(SessionHandler.java:185)
	at org.eclipse.jetty.server.handler.ContextHandler.doScope(ContextHandler.java:1061)
	at org.eclipse.jetty.server.handler.ScopedHandler.handle(ScopedHandler.java:141)
	at org.eclipse.jetty.server.handler.ContextHandlerCollection.handle(ContextHandlerCollection.java:215)
	at org.eclipse.jetty.server.handler.HandlerCollection.handle(HandlerCollection.java:110)
	at org.eclipse.jetty.server.handler.HandlerWrapper.handle(HandlerWrapper.java:97)
	at org.eclipse.jetty.server.Server.handle(Server.java:497)
	at org.eclipse.jetty.server.HttpChannel.handle(HttpChannel.java:310)
	at org.eclipse.jetty.server.HttpConnection.onFillable(HttpConnection.java:257)
	at org.eclipse.jetty.io.AbstractConnection$2.run(AbstractConnection.java:540)
	at org.eclipse.jetty.util.thread.QueuedThreadPool.runJob(QueuedThreadPool.java:635)
	at org.eclipse.jetty.util.thread.QueuedThreadPool$3.run(QueuedThreadPool.java:555)
	at java.lang.Thread.run(Unknown Source)
2015.07.15 11:40:42 org.eclipse.jetty.server.HttpChannel - /setup/setup-finished.jsp
java.lang.NullPointerException
	at org.jivesoftware.openfire.admin.setup.setup_002dfinished_jsp._jspService(setup_002dfinished_jsp.java:82)
	at org.apache.jasper.runtime.HttpJspBase.service(HttpJspBase.java:97)
	at javax.servlet.http.HttpServlet.service(HttpServlet.java:790)
	at org.eclipse.jetty.servlet.ServletHolder.handle(ServletHolder.java:808)
	at org.eclipse.jetty.servlet.ServletHandler$CachedChain.doFilter(ServletHandler.java:1669)
	at com.opensymphony.module.sitemesh.filter.PageFilter.parsePage(PageFilter.java:118)
	at com.opensymphony.module.sitemesh.filter.PageFilter.doFilter(PageFilter.java:52)
	at org.eclipse.jetty.servlet.ServletHandler$CachedChain.doFilter(ServletHandler.java:1652)
	at org.jivesoftware.util.LocaleFilter.doFilter(LocaleFilter.java:74)
	at org.eclipse.jetty.servlet.ServletHandler$CachedChain.doFilter(ServletHandler.java:1652)
	at org.jivesoftware.util.SetCharacterEncodingFilter.doFilter(SetCharacterEncodingFilter.java:50)
	at org.eclipse.jetty.servlet.ServletHandler$CachedChain.doFilter(ServletHandler.java:1652)
	at org.jivesoftware.admin.PluginFilter.doFilter(PluginFilter.java:78)
	at org.eclipse.jetty.servlet.ServletHandler$CachedChain.doFilter(ServletHandler.java:1652)
	at org.jivesoftware.admin.AuthCheckFilter.doFilter(AuthCheckFilter.java:159)
	at org.eclipse.jetty.servlet.ServletHandler$CachedChain.doFilter(ServletHandler.java:1652)
	at org.eclipse.jetty.servlet.ServletHandler.doHandle(ServletHandler.java:585)
	at org.eclipse.jetty.server.handler.ScopedHandler.handle(ScopedHandler.java:143)
	at org.eclipse.jetty.security.SecurityHandler.handle(SecurityHandler.java:577)
	at org.eclipse.jetty.server.session.SessionHandler.doHandle(SessionHandler.java:223)
	at org.eclipse.jetty.server.handler.ContextHandler.doHandle(ContextHandler.java:1127)
	at org.eclipse.jetty.servlet.ServletHandler.doScope(ServletHandler.java:515)
	at org.eclipse.jetty.server.session.SessionHandler.doScope(SessionHandler.java:185)
	at org.eclipse.jetty.server.handler.ContextHandler.doScope(ContextHandler.java:1061)
	at org.eclipse.jetty.server.handler.ScopedHandler.handle(ScopedHandler.java:141)
	at org.eclipse.jetty.server.handler.ContextHandlerCollection.handle(ContextHandlerCollection.java:215)
	at org.eclipse.jetty.server.handler.HandlerCollection.handle(HandlerCollection.java:110)
	at org.eclipse.jetty.server.handler.HandlerWrapper.handle(HandlerWrapper.java:97)
	at org.eclipse.jetty.server.Server.handle(Server.java:497)
	at org.eclipse.jetty.server.HttpChannel.handle(HttpChannel.java:310)
	at org.eclipse.jetty.server.HttpConnection.onFillable(HttpConnection.java:257)
	at org.eclipse.jetty.io.AbstractConnection$2.run(AbstractConnection.java:540)
	at org.eclipse.jetty.util.thread.QueuedThreadPool.runJob(QueuedThreadPool.java:635)
	at org.eclipse.jetty.util.thread.QueuedThreadPool$3.run(QueuedThreadPool.java:555)
	at java.lang.Thread.run(Unknown Source)
2015.07.15 11:40:42 org.eclipse.jetty.server.HttpChannel - Could not send response error 500: java.lang.NullPointerException
2015.07.15 11:41:10 org.jivesoftware.openfire.http.HttpSessionManager - HttpSessionManager.init() recreate sendPacketPool
2015.07.15 11:41:16 index.jsp - Failed to fetch RSS feed: javax.net.ssl.SSLHandshakeException: java.security.cert.CertificateException: root certificate not trusted of [vanity2.jiveon.com]
2015.07.15 11:41:38 index.jsp - Failed to fetch RSS feed: javax.net.ssl.SSLHandshakeException: java.security.cert.CertificateException: root certificate not trusted of [vanity2.jiveon.com]
2015.07.15 11:41:40 org.jivesoftware.util.log.util.CommonsLogFactory - Going to buffer response body of large or unknown size. Using getResponseBodyAsStream instead is recommended.
2015.07.15 11:41:43 org.jivesoftware.util.log.util.CommonsLogFactory - Going to buffer response body of large or unknown size. Using getResponseBodyAsStream instead is recommended.
2015.07.15 11:58:08 index.jsp - Failed to fetch RSS feed: javax.net.ssl.SSLHandshakeException: java.security.cert.CertificateException: root certificate not trusted of [vanity2.jiveon.com]
2015.07.15 11:58:20 index.jsp - Failed to fetch RSS feed: javax.net.ssl.SSLHandshakeException: java.security.cert.CertificateException: root certificate not trusted of [vanity2.jiveon.com]
2015.07.15 11:58:27 index.jsp - Failed to fetch RSS feed: javax.net.ssl.SSLHandshakeException: java.security.cert.CertificateException: root certificate not trusted of [vanity2.jiveon.com]
2015.07.15 12:00:09 org.jivesoftware.database.SequenceManager - Autocreating jiveID row for type '25'
2015.07.15 12:05:06 org.jivesoftware.util.log.util.CommonsLogFactory - Shutdown waited for 31 milliseconds for all the connections to become inactive but the active count is still 1. Shutting down anyway.
2015.07.15 12:06:09 org.jivesoftware.openfire.http.HttpSessionManager - HttpSessionManager.init() recreate sendPacketPool
2015.07.15 14:11:18 org.jivesoftware.openfire.http.HttpSessionManager - HttpSessionManager.init() recreate sendPacketPool
